
  [1m[36m (33.4ms)[0m  [1mCREATE TABLE "schema_migrations" ("version" character varying(255) NOT NULL) [0m
  [1m[35m (2.5ms)[0m  CREATE UNIQUE INDEX  "unique_schema_migrations" ON "schema_migrations"  ("version")
  [1m[36mActiveRecord::SchemaMigration Load (0.4ms)[0m  [1mSELECT "schema_migrations".* FROM "schema_migrations"[0m
Migrating to CreateFeelings (20141127024440)
  [1m[35m (0.2ms)[0m  BEGIN
  [1m[36m (35.1ms)[0m  [1mCREATE TABLE "feelings" ("id" serial primary key, "word" character varying(255), "created_at" timestamp, "updated_at" timestamp) [0m
  [1m[35mSQL (15.8ms)[0m  INSERT INTO "schema_migrations" ("version") VALUES ($1)  [["version", "20141127024440"]]
  [1m[36m (15.5ms)[0m  [1mCOMMIT[0m
Migrating to CreateIndications (20141127024454)
  [1m[35m (0.3ms)[0m  BEGIN
  [1m[36m (2.2ms)[0m  [1mCREATE TABLE "indications" ("id" serial primary key, "feeling_id" integer, "assessment_id" integer, "created_at" timestamp, "updated_at" timestamp) [0m
  [1m[35mSQL (0.9ms)[0m  INSERT INTO "schema_migrations" ("version") VALUES ($1)  [["version", "20141127024454"]]
  [1m[36m (0.7ms)[0m  [1mCOMMIT[0m
Migrating to CreateAssessments (20141127024501)
  [1m[35m (0.2ms)[0m  BEGIN
  [1m[36m (2.3ms)[0m  [1mCREATE TABLE "assessments" ("id" serial primary key, "name" character varying(255), "created_at" timestamp, "updated_at" timestamp) [0m



Started GET "/" for 127.0.0.1 at 2014-11-27 10:50:02 -0600

ActiveRecord::NoDatabaseError (FATAL:  database "hmhy_development" does not exist
Run `$ bin/rake db:create db:migrate` to create your database):
  activerecord (4.1.8) lib/active_record/connection_adapters/postgresql_adapter.rb:898:in `rescue in connect'
  activerecord (4.1.8) lib/active_record/connection_adapters/postgresql_adapter.rb:888:in `connect'
  activerecord (4.1.8) lib/active_record/connection_adapters/postgresql_adapter.rb:568:in `initialize'
  activerecord (4.1.8) lib/active_record/connection_adapters/postgresql_adapter.rb:41:in `new'
  activerecord (4.1.8) lib/active_record/connection_adapters/postgresql_adapter.rb:41:in `postgresql_connection'
  activerecord (4.1.8) lib/active_record/connection_adapters/abstract/connection_pool.rb:435:in `new_connection'
  activerecord (4.1.8) lib/active_record/connection_adapters/abstract/connection_pool.rb:445:in `checkout_new_connection'
  activerecord (4.1.8) lib/active_record/connection_adapters/abstract/connection_pool.rb:416:in `acquire_connection'
  activerecord (4.1.8) lib/active_record/connection_adapters/abstract/connection_pool.rb:351:in `block in checkout'
  /Users/apprentice/.rbenv/versions/2.0.0-p353/lib/ruby/2.0.0/monitor.rb:211:in `mon_synchronize'
  activerecord (4.1.8) lib/active_record/connection_adapters/abstract/connection_pool.rb:350:in `checkout'
  activerecord (4.1.8) lib/active_record/connection_adapters/abstract/connection_pool.rb:265:in `block in connection'
  /Users/apprentice/.rbenv/versions/2.0.0-p353/lib/ruby/2.0.0/monitor.rb:211:in `mon_synchronize'
  activerecord (4.1.8) lib/active_record/connection_adapters/abstract/connection_pool.rb:264:in `connection'
  activerecord (4.1.8) lib/active_record/connection_adapters/abstract/connection_pool.rb:541:in `retrieve_connection'
  activerecord (4.1.8) lib/active_record/connection_handling.rb:113:in `retrieve_connection'
  activerecord (4.1.8) lib/active_record/connection_handling.rb:87:in `connection'
  activerecord (4.1.8) lib/active_record/migration.rb:388:in `check_pending!'
  activerecord (4.1.8) lib/active_record/migration.rb:377:in `call'
  actionpack (4.1.8) lib/action_dispatch/middleware/callbacks.rb:29:in `block in call'
  activesupport (4.1.8) lib/active_support/callbacks.rb:82:in `run_callbacks'
  actionpack (4.1.8) lib/action_dispatch/middleware/callbacks.rb:27:in `call'
  actionpack (4.1.8) lib/action_dispatch/middleware/reloader.rb:73:in `call'
  actionpack (4.1.8) lib/action_dispatch/middleware/remote_ip.rb:76:in `call'
  actionpack (4.1.8) lib/action_dispatch/middleware/debug_exceptions.rb:17:in `call'
  actionpack (4.1.8) lib/action_dispatch/middleware/show_exceptions.rb:30:in `call'
  railties (4.1.8) lib/rails/rack/logger.rb:38:in `call_app'
  railties (4.1.8) lib/rails/rack/logger.rb:20:in `block in call'
  activesupport (4.1.8) lib/active_support/tagged_logging.rb:68:in `block in tagged'
  activesupport (4.1.8) lib/active_support/tagged_logging.rb:26:in `tagged'
  activesupport (4.1.8) lib/active_support/tagged_logging.rb:68:in `tagged'
  railties (4.1.8) lib/rails/rack/logger.rb:20:in `call'
  actionpack (4.1.8) lib/action_dispatch/middleware/request_id.rb:21:in `call'
  rack (1.5.2) lib/rack/methodoverride.rb:21:in `call'
  rack (1.5.2) lib/rack/runtime.rb:17:in `call'
  activesupport (4.1.8) lib/active_support/cache/strategy/local_cache_middleware.rb:26:in `call'
  rack (1.5.2) lib/rack/lock.rb:17:in `call'
  actionpack (4.1.8) lib/action_dispatch/middleware/static.rb:84:in `call'
  rack (1.5.2) lib/rack/sendfile.rb:112:in `call'
  railties (4.1.8) lib/rails/engine.rb:514:in `call'
  railties (4.1.8) lib/rails/application.rb:144:in `call'
  rack (1.5.2) lib/rack/lock.rb:17:in `call'
  rack (1.5.2) lib/rack/content_length.rb:14:in `call'
  rack (1.5.2) lib/rack/handler/webrick.rb:60:in `service'
  /Users/apprentice/.rbenv/versions/2.0.0-p353/lib/ruby/2.0.0/webrick/httpserver.rb:138:in `service'
  /Users/apprentice/.rbenv/versions/2.0.0-p353/lib/ruby/2.0.0/webrick/httpserver.rb:94:in `run'
  /Users/apprentice/.rbenv/versions/2.0.0-p353/lib/ruby/2.0.0/webrick/server.rb:295:in `block in start_thread'


  Rendered /Users/apprentice/.rbenv/versions/2.0.0-p353/lib/ruby/gems/2.0.0/gems/actionpack-4.1.8/lib/action_dispatch/middleware/templates/rescues/_source.erb (0.7ms)
  Rendered /Users/apprentice/.rbenv/versions/2.0.0-p353/lib/ruby/gems/2.0.0/gems/actionpack-4.1.8/lib/action_dispatch/middleware/templates/rescues/_trace.html.erb (1.3ms)
  Rendered /Users/apprentice/.rbenv/versions/2.0.0-p353/lib/ruby/gems/2.0.0/gems/actionpack-4.1.8/lib/action_dispatch/middleware/templates/rescues/_request_and_response.html.erb (1.1ms)
  Rendered /Users/apprentice/.rbenv/versions/2.0.0-p353/lib/ruby/gems/2.0.0/gems/actionpack-4.1.8/lib/action_dispatch/middleware/templates/rescues/diagnostics.erb within rescues/layout (24.1ms)
  [1m[36m (17.8ms)[0m  [1mCREATE TABLE "schema_migrations" ("version" character varying(255) NOT NULL) [0m
  [1m[35m (17.3ms)[0m  CREATE UNIQUE INDEX  "unique_schema_migrations" ON "schema_migrations"  ("version")
  [1m[36mActiveRecord::SchemaMigration Load (0.4ms)[0m  [1mSELECT "schema_migrations".* FROM "schema_migrations"[0m
Migrating to CreateFeelings (20141127024440)
  [1m[35m (0.1ms)[0m  BEGIN
  [1m[36m (34.4ms)[0m  [1mCREATE TABLE "feelings" ("id" serial primary key, "created_at" timestamp, "updated_at" timestamp) [0m
  [1m[35mSQL (15.7ms)[0m  INSERT INTO "schema_migrations" ("version") VALUES ($1)  [["version", "20141127024440"]]
  [1m[36m (15.3ms)[0m  [1mCOMMIT[0m
Migrating to CreateIndications (20141127024454)
  [1m[35m (0.4ms)[0m  BEGIN
  [1m[36m (3.0ms)[0m  [1mCREATE TABLE "indications" ("id" serial primary key, "created_at" timestamp, "updated_at" timestamp) [0m
  [1m[35mSQL (0.2ms)[0m  INSERT INTO "schema_migrations" ("version") VALUES ($1)  [["version", "20141127024454"]]
  [1m[36m (0.5ms)[0m  [1mCOMMIT[0m
Migrating to CreateAssessments (20141127024501)
  [1m[35m (0.2ms)[0m  BEGIN
  [1m[36m (2.2ms)[0m  [1mCREATE TABLE "assessments" ("id" serial primary key, "created_at" timestamp, "updated_at" timestamp) [0m
>>>>>>> index page ready for work
  [1m[35mSQL (0.2ms)[0m  INSERT INTO "schema_migrations" ("version") VALUES ($1)  [["version", "20141127024501"]]
  [1m[36m (0.5ms)[0m  [1mCOMMIT[0m
Migrating to CreateCompetencies (20141127024508)
  [1m[35m (0.2ms)[0m  BEGIN
<<<<<<< HEAD
  [1m[36m (2.1ms)[0m  [1mCREATE TABLE "competencies" ("id" serial primary key, "assessment_id" integer, "provider_id" integer, "created_at" timestamp, "updated_at" timestamp) [0m
  [1m[35mSQL (0.2ms)[0m  INSERT INTO "schema_migrations" ("version") VALUES ($1)  [["version", "20141127024508"]]
  [1m[36m (0.5ms)[0m  [1mCOMMIT[0m
Migrating to CreateProviders (20141127024514)
  [1m[35m (0.2ms)[0m  BEGIN
  [1m[36m (3.1ms)[0m  [1mCREATE TABLE "providers" ("id" serial primary key, "title" character varying(255), "name" character varying(255), "photo_url" character varying(255), "profile_url" character varying(255), "email" character varying(255), "phone_number" character varying(255), "created_at" timestamp, "updated_at" timestamp) [0m
  [1m[35mSQL (0.2ms)[0m  INSERT INTO "schema_migrations" ("version") VALUES ($1)  [["version", "20141127024514"]]
  [1m[36m (0.6ms)[0m  [1mCOMMIT[0m
Migrating to CreateLocations (20141127024518)
  [1m[35m (0.2ms)[0m  BEGIN
  [1m[36m (2.0ms)[0m  [1mCREATE TABLE "locations" ("id" serial primary key, "zip_code" integer, "lat" float, "lng" float, "created_at" timestamp, "updated_at" timestamp) [0m
  [1m[35mSQL (0.2ms)[0m  INSERT INTO "schema_migrations" ("version") VALUES ($1)  [["version", "20141127024518"]]
  [1m[36m (0.4ms)[0m  [1mCOMMIT[0m
Migrating to CreateResidences (20141127164044)
  [1m[35m (0.2ms)[0m  BEGIN
  [1m[36m (2.1ms)[0m  [1mCREATE TABLE "residences" ("id" serial primary key, "provider_id" integer, "location_id" integer, "created_at" timestamp, "updated_at" timestamp) [0m
  [1m[35mSQL (0.2ms)[0m  INSERT INTO "schema_migrations" ("version") VALUES ($1)  [["version", "20141127164044"]]
  [1m[36m (0.4ms)[0m  [1mCOMMIT[0m
  [1m[35mActiveRecord::SchemaMigration Load (0.3ms)[0m  SELECT "schema_migrations".* FROM "schema_migrations"
=======
  [1m[36m (1.9ms)[0m  [1mCREATE TABLE "competencies" ("id" serial primary key, "created_at" timestamp, "updated_at" timestamp) [0m
  [1m[35mSQL (0.2ms)[0m  INSERT INTO "schema_migrations" ("version") VALUES ($1)  [["version", "20141127024508"]]
  [1m[36m (0.4ms)[0m  [1mCOMMIT[0m
Migrating to CreateProviders (20141127024514)
  [1m[35m (0.2ms)[0m  BEGIN
  [1m[36m (1.8ms)[0m  [1mCREATE TABLE "providers" ("id" serial primary key, "created_at" timestamp, "updated_at" timestamp) [0m
  [1m[35mSQL (0.2ms)[0m  INSERT INTO "schema_migrations" ("version") VALUES ($1)  [["version", "20141127024514"]]
  [1m[36m (0.4ms)[0m  [1mCOMMIT[0m
Migrating to CreateLocations (20141127024518)
  [1m[35m (0.3ms)[0m  BEGIN
  [1m[36m (1.8ms)[0m  [1mCREATE TABLE "locations" ("id" serial primary key, "created_at" timestamp, "updated_at" timestamp) [0m
  [1m[35mSQL (0.2ms)[0m  INSERT INTO "schema_migrations" ("version") VALUES ($1)  [["version", "20141127024518"]]
  [1m[36m (0.5ms)[0m  [1mCOMMIT[0m
  [1m[35mActiveRecord::SchemaMigration Load (0.3ms)[0m  SELECT "schema_migrations".* FROM "schema_migrations"


Started GET "/" for 127.0.0.1 at 2014-11-27 10:50:48 -0600
  [1m[36mActiveRecord::SchemaMigration Load (0.5ms)[0m  [1mSELECT "schema_migrations".* FROM "schema_migrations"[0m
Processing by Rails::WelcomeController#index as HTML
  Rendered /Users/apprentice/.rbenv/versions/2.0.0-p353/lib/ruby/gems/2.0.0/gems/railties-4.1.8/lib/rails/templates/rails/welcome/index.html.erb (0.8ms)
Completed 200 OK in 19ms (Views: 2.6ms | ActiveRecord: 0.0ms)


Started GET "/" for 127.0.0.1 at 2014-11-27 10:52:34 -0600

ArgumentError (Missing :action key on routes definition, please check your routes.):
  config/routes.rb:2:in `block in <top (required)>'
  config/routes.rb:1:in `<top (required)>'


  Rendered /Users/apprentice/.rbenv/versions/2.0.0-p353/lib/ruby/gems/2.0.0/gems/actionpack-4.1.8/lib/action_dispatch/middleware/templates/rescues/_source.erb (0.6ms)
  Rendered /Users/apprentice/.rbenv/versions/2.0.0-p353/lib/ruby/gems/2.0.0/gems/actionpack-4.1.8/lib/action_dispatch/middleware/templates/rescues/_trace.html.erb (1.3ms)
  Rendered /Users/apprentice/.rbenv/versions/2.0.0-p353/lib/ruby/gems/2.0.0/gems/actionpack-4.1.8/lib/action_dispatch/middleware/templates/rescues/_request_and_response.html.erb (0.8ms)
  Rendered /Users/apprentice/.rbenv/versions/2.0.0-p353/lib/ruby/gems/2.0.0/gems/actionpack-4.1.8/lib/action_dispatch/middleware/templates/rescues/diagnostics.erb within rescues/layout (16.0ms)


Started GET "/" for 127.0.0.1 at 2014-11-27 10:52:49 -0600

ActionController::RoutingError (uninitialized constant LayoutsController):
  activesupport (4.1.8) lib/active_support/inflector/methods.rb:238:in `const_get'
  activesupport (4.1.8) lib/active_support/inflector/methods.rb:238:in `block in constantize'
  activesupport (4.1.8) lib/active_support/inflector/methods.rb:236:in `each'
  activesupport (4.1.8) lib/active_support/inflector/methods.rb:236:in `inject'
  activesupport (4.1.8) lib/active_support/inflector/methods.rb:236:in `constantize'
  actionpack (4.1.8) lib/action_dispatch/routing/route_set.rb:78:in `controller_reference'
  actionpack (4.1.8) lib/action_dispatch/routing/route_set.rb:68:in `controller'
  actionpack (4.1.8) lib/action_dispatch/routing/route_set.rb:46:in `call'
  actionpack (4.1.8) lib/action_dispatch/journey/router.rb:73:in `block in call'
  actionpack (4.1.8) lib/action_dispatch/journey/router.rb:59:in `each'
  actionpack (4.1.8) lib/action_dispatch/journey/router.rb:59:in `call'
  actionpack (4.1.8) lib/action_dispatch/routing/route_set.rb:678:in `call'
  rack (1.5.2) lib/rack/etag.rb:23:in `call'
  rack (1.5.2) lib/rack/conditionalget.rb:25:in `call'
  rack (1.5.2) lib/rack/head.rb:11:in `call'
  actionpack (4.1.8) lib/action_dispatch/middleware/params_parser.rb:27:in `call'
  actionpack (4.1.8) lib/action_dispatch/middleware/flash.rb:254:in `call'
  rack (1.5.2) lib/rack/session/abstract/id.rb:225:in `context'
  rack (1.5.2) lib/rack/session/abstract/id.rb:220:in `call'
  actionpack (4.1.8) lib/action_dispatch/middleware/cookies.rb:560:in `call'
  activerecord (4.1.8) lib/active_record/query_cache.rb:36:in `call'
  activerecord (4.1.8) lib/active_record/connection_adapters/abstract/connection_pool.rb:621:in `call'
  activerecord (4.1.8) lib/active_record/migration.rb:380:in `call'
  actionpack (4.1.8) lib/action_dispatch/middleware/callbacks.rb:29:in `block in call'
  activesupport (4.1.8) lib/active_support/callbacks.rb:82:in `run_callbacks'
  actionpack (4.1.8) lib/action_dispatch/middleware/callbacks.rb:27:in `call'
  actionpack (4.1.8) lib/action_dispatch/middleware/reloader.rb:73:in `call'
  actionpack (4.1.8) lib/action_dispatch/middleware/remote_ip.rb:76:in `call'
  actionpack (4.1.8) lib/action_dispatch/middleware/debug_exceptions.rb:17:in `call'
  actionpack (4.1.8) lib/action_dispatch/middleware/show_exceptions.rb:30:in `call'
  railties (4.1.8) lib/rails/rack/logger.rb:38:in `call_app'
  railties (4.1.8) lib/rails/rack/logger.rb:20:in `block in call'
  activesupport (4.1.8) lib/active_support/tagged_logging.rb:68:in `block in tagged'
  activesupport (4.1.8) lib/active_support/tagged_logging.rb:26:in `tagged'
  activesupport (4.1.8) lib/active_support/tagged_logging.rb:68:in `tagged'
  railties (4.1.8) lib/rails/rack/logger.rb:20:in `call'
  actionpack (4.1.8) lib/action_dispatch/middleware/request_id.rb:21:in `call'
  rack (1.5.2) lib/rack/methodoverride.rb:21:in `call'
  rack (1.5.2) lib/rack/runtime.rb:17:in `call'
  activesupport (4.1.8) lib/active_support/cache/strategy/local_cache_middleware.rb:26:in `call'
  rack (1.5.2) lib/rack/lock.rb:17:in `call'
  actionpack (4.1.8) lib/action_dispatch/middleware/static.rb:84:in `call'
  rack (1.5.2) lib/rack/sendfile.rb:112:in `call'
  railties (4.1.8) lib/rails/engine.rb:514:in `call'
  railties (4.1.8) lib/rails/application.rb:144:in `call'
  rack (1.5.2) lib/rack/lock.rb:17:in `call'
  rack (1.5.2) lib/rack/content_length.rb:14:in `call'
  rack (1.5.2) lib/rack/handler/webrick.rb:60:in `service'
  /Users/apprentice/.rbenv/versions/2.0.0-p353/lib/ruby/2.0.0/webrick/httpserver.rb:138:in `service'
  /Users/apprentice/.rbenv/versions/2.0.0-p353/lib/ruby/2.0.0/webrick/httpserver.rb:94:in `run'
  /Users/apprentice/.rbenv/versions/2.0.0-p353/lib/ruby/2.0.0/webrick/server.rb:295:in `block in start_thread'


  Rendered /Users/apprentice/.rbenv/versions/2.0.0-p353/lib/ruby/gems/2.0.0/gems/actionpack-4.1.8/lib/action_dispatch/middleware/templates/rescues/_trace.html.erb (1.0ms)
  Rendered /Users/apprentice/.rbenv/versions/2.0.0-p353/lib/ruby/gems/2.0.0/gems/actionpack-4.1.8/lib/action_dispatch/middleware/templates/routes/_route.html.erb (0.9ms)
  Rendered /Users/apprentice/.rbenv/versions/2.0.0-p353/lib/ruby/gems/2.0.0/gems/actionpack-4.1.8/lib/action_dispatch/middleware/templates/routes/_table.html.erb (9.7ms)
  Rendered /Users/apprentice/.rbenv/versions/2.0.0-p353/lib/ruby/gems/2.0.0/gems/actionpack-4.1.8/lib/action_dispatch/middleware/templates/rescues/routing_error.html.erb within rescues/layout (47.0ms)


Started GET "/" for 127.0.0.1 at 2014-11-27 10:53:47 -0600

ArgumentError (Missing :action key on routes definition, please check your routes.):
  config/routes.rb:2:in `block in <top (required)>'
  config/routes.rb:1:in `<top (required)>'


  Rendered /Users/apprentice/.rbenv/versions/2.0.0-p353/lib/ruby/gems/2.0.0/gems/actionpack-4.1.8/lib/action_dispatch/middleware/templates/rescues/_source.erb (0.6ms)
  Rendered /Users/apprentice/.rbenv/versions/2.0.0-p353/lib/ruby/gems/2.0.0/gems/actionpack-4.1.8/lib/action_dispatch/middleware/templates/rescues/_trace.html.erb (1.2ms)
  Rendered /Users/apprentice/.rbenv/versions/2.0.0-p353/lib/ruby/gems/2.0.0/gems/actionpack-4.1.8/lib/action_dispatch/middleware/templates/rescues/_request_and_response.html.erb (1.2ms)
  Rendered /Users/apprentice/.rbenv/versions/2.0.0-p353/lib/ruby/gems/2.0.0/gems/actionpack-4.1.8/lib/action_dispatch/middleware/templates/rescues/diagnostics.erb within rescues/layout (16.7ms)


Started GET "/" for 127.0.0.1 at 2014-11-27 10:55:27 -0600

ActionController::RoutingError (uninitialized constant FeelingsController):
  activesupport (4.1.8) lib/active_support/inflector/methods.rb:238:in `const_get'
  activesupport (4.1.8) lib/active_support/inflector/methods.rb:238:in `block in constantize'
  activesupport (4.1.8) lib/active_support/inflector/methods.rb:236:in `each'
  activesupport (4.1.8) lib/active_support/inflector/methods.rb:236:in `inject'
  activesupport (4.1.8) lib/active_support/inflector/methods.rb:236:in `constantize'
  actionpack (4.1.8) lib/action_dispatch/routing/route_set.rb:78:in `controller_reference'
  actionpack (4.1.8) lib/action_dispatch/routing/route_set.rb:68:in `controller'
  actionpack (4.1.8) lib/action_dispatch/routing/route_set.rb:46:in `call'
  actionpack (4.1.8) lib/action_dispatch/journey/router.rb:73:in `block in call'
  actionpack (4.1.8) lib/action_dispatch/journey/router.rb:59:in `each'
  actionpack (4.1.8) lib/action_dispatch/journey/router.rb:59:in `call'
  actionpack (4.1.8) lib/action_dispatch/routing/route_set.rb:678:in `call'
  rack (1.5.2) lib/rack/etag.rb:23:in `call'
  rack (1.5.2) lib/rack/conditionalget.rb:25:in `call'
  rack (1.5.2) lib/rack/head.rb:11:in `call'
  actionpack (4.1.8) lib/action_dispatch/middleware/params_parser.rb:27:in `call'
  actionpack (4.1.8) lib/action_dispatch/middleware/flash.rb:254:in `call'
  rack (1.5.2) lib/rack/session/abstract/id.rb:225:in `context'
  rack (1.5.2) lib/rack/session/abstract/id.rb:220:in `call'
  actionpack (4.1.8) lib/action_dispatch/middleware/cookies.rb:560:in `call'
  activerecord (4.1.8) lib/active_record/query_cache.rb:36:in `call'
  activerecord (4.1.8) lib/active_record/connection_adapters/abstract/connection_pool.rb:621:in `call'
  activerecord (4.1.8) lib/active_record/migration.rb:380:in `call'
  actionpack (4.1.8) lib/action_dispatch/middleware/callbacks.rb:29:in `block in call'
  activesupport (4.1.8) lib/active_support/callbacks.rb:82:in `run_callbacks'
  actionpack (4.1.8) lib/action_dispatch/middleware/callbacks.rb:27:in `call'
  actionpack (4.1.8) lib/action_dispatch/middleware/reloader.rb:73:in `call'
  actionpack (4.1.8) lib/action_dispatch/middleware/remote_ip.rb:76:in `call'
  actionpack (4.1.8) lib/action_dispatch/middleware/debug_exceptions.rb:17:in `call'
  actionpack (4.1.8) lib/action_dispatch/middleware/show_exceptions.rb:30:in `call'
  railties (4.1.8) lib/rails/rack/logger.rb:38:in `call_app'
  railties (4.1.8) lib/rails/rack/logger.rb:20:in `block in call'
  activesupport (4.1.8) lib/active_support/tagged_logging.rb:68:in `block in tagged'
  activesupport (4.1.8) lib/active_support/tagged_logging.rb:26:in `tagged'
  activesupport (4.1.8) lib/active_support/tagged_logging.rb:68:in `tagged'
  railties (4.1.8) lib/rails/rack/logger.rb:20:in `call'
  actionpack (4.1.8) lib/action_dispatch/middleware/request_id.rb:21:in `call'
  rack (1.5.2) lib/rack/methodoverride.rb:21:in `call'
  rack (1.5.2) lib/rack/runtime.rb:17:in `call'
  activesupport (4.1.8) lib/active_support/cache/strategy/local_cache_middleware.rb:26:in `call'
  rack (1.5.2) lib/rack/lock.rb:17:in `call'
  actionpack (4.1.8) lib/action_dispatch/middleware/static.rb:84:in `call'
  rack (1.5.2) lib/rack/sendfile.rb:112:in `call'
  railties (4.1.8) lib/rails/engine.rb:514:in `call'
  railties (4.1.8) lib/rails/application.rb:144:in `call'
  rack (1.5.2) lib/rack/lock.rb:17:in `call'
  rack (1.5.2) lib/rack/content_length.rb:14:in `call'
  rack (1.5.2) lib/rack/handler/webrick.rb:60:in `service'
  /Users/apprentice/.rbenv/versions/2.0.0-p353/lib/ruby/2.0.0/webrick/httpserver.rb:138:in `service'
  /Users/apprentice/.rbenv/versions/2.0.0-p353/lib/ruby/2.0.0/webrick/httpserver.rb:94:in `run'
  /Users/apprentice/.rbenv/versions/2.0.0-p353/lib/ruby/2.0.0/webrick/server.rb:295:in `block in start_thread'


  Rendered /Users/apprentice/.rbenv/versions/2.0.0-p353/lib/ruby/gems/2.0.0/gems/actionpack-4.1.8/lib/action_dispatch/middleware/templates/rescues/_trace.html.erb (1.1ms)
  Rendered /Users/apprentice/.rbenv/versions/2.0.0-p353/lib/ruby/gems/2.0.0/gems/actionpack-4.1.8/lib/action_dispatch/middleware/templates/routes/_route.html.erb (0.7ms)
  Rendered /Users/apprentice/.rbenv/versions/2.0.0-p353/lib/ruby/gems/2.0.0/gems/actionpack-4.1.8/lib/action_dispatch/middleware/templates/routes/_table.html.erb (1.2ms)
  Rendered /Users/apprentice/.rbenv/versions/2.0.0-p353/lib/ruby/gems/2.0.0/gems/actionpack-4.1.8/lib/action_dispatch/middleware/templates/rescues/routing_error.html.erb within rescues/layout (16.7ms)


Started GET "/" for 127.0.0.1 at 2014-11-27 10:57:42 -0600
Processing by FeelingsController#index as HTML
  Rendered feelings/index.html.erb within layouts/application (0.3ms)
Completed 200 OK in 5296ms (Views: 5295.5ms | ActiveRecord: 0.0ms)


Started GET "/assets/bootstrap-theme.min.css?body=1" for 127.0.0.1 at 2014-11-27 10:57:48 -0600


Started GET "/assets/bootstrap.css?body=1" for 127.0.0.1 at 2014-11-27 10:57:48 -0600


Started GET "/assets/bootstrap.min.css?body=1" for 127.0.0.1 at 2014-11-27 10:57:48 -0600


Started GET "/assets/application.css?body=1" for 127.0.0.1 at 2014-11-27 10:57:48 -0600


Started GET "/assets/bootstrap-theme.css?body=1" for 127.0.0.1 at 2014-11-27 10:57:48 -0600


Started GET "/assets/feelings.css?body=1" for 127.0.0.1 at 2014-11-27 10:57:48 -0600


Started GET "/assets/turbolinks.js?body=1" for 127.0.0.1 at 2014-11-27 10:57:48 -0600


Started GET "/assets/jquery.js?body=1" for 127.0.0.1 at 2014-11-27 10:57:48 -0600


Started GET "/assets/jquery_ujs.js?body=1" for 127.0.0.1 at 2014-11-27 10:57:48 -0600


Started GET "/assets/bootstrap.js?body=1" for 127.0.0.1 at 2014-11-27 10:57:48 -0600


Started GET "/assets/bootstrap.min.js?body=1" for 127.0.0.1 at 2014-11-27 10:57:48 -0600


Started GET "/assets/feelings.js?body=1" for 127.0.0.1 at 2014-11-27 10:57:48 -0600


Started GET "/assets/bootstrap/affix.js?body=1" for 127.0.0.1 at 2014-11-27 10:57:48 -0600


Started GET "/assets/bootstrap/alert.js?body=1" for 127.0.0.1 at 2014-11-27 10:57:48 -0600


Started GET "/assets/bootstrap/button.js?body=1" for 127.0.0.1 at 2014-11-27 10:57:48 -0600


Started GET "/assets/bootstrap/carousel.js?body=1" for 127.0.0.1 at 2014-11-27 10:57:48 -0600


Started GET "/assets/bootstrap/collapse.js?body=1" for 127.0.0.1 at 2014-11-27 10:57:48 -0600


Started GET "/assets/bootstrap/dropdown.js?body=1" for 127.0.0.1 at 2014-11-27 10:57:48 -0600


Started GET "/assets/bootstrap/tab.js?body=1" for 127.0.0.1 at 2014-11-27 10:57:48 -0600


Started GET "/assets/bootstrap/transition.js?body=1" for 127.0.0.1 at 2014-11-27 10:57:48 -0600


Started GET "/assets/bootstrap/scrollspy.js?body=1" for 127.0.0.1 at 2014-11-27 10:57:48 -0600


Started GET "/assets/bootstrap/modal.js?body=1" for 127.0.0.1 at 2014-11-27 10:57:48 -0600


Started GET "/assets/bootstrap/tooltip.js?body=1" for 127.0.0.1 at 2014-11-27 10:57:48 -0600


Started GET "/assets/bootstrap/popover.js?body=1" for 127.0.0.1 at 2014-11-27 10:57:48 -0600


Started GET "/assets/bootstrap-sprockets.js?body=1" for 127.0.0.1 at 2014-11-27 10:57:48 -0600


Started GET "/assets/application.js?body=1" for 127.0.0.1 at 2014-11-27 10:57:48 -0600


Started GET "/" for 127.0.0.1 at 2014-11-27 11:00:13 -0600
Processing by FeelingsController#index as HTML
  Rendered feelings/index.html.erb within layouts/application (0.5ms)
Completed 200 OK in 117ms (Views: 116.3ms | ActiveRecord: 0.0ms)


Started GET "/assets/bootstrap-theme.min.css?body=1" for 127.0.0.1 at 2014-11-27 11:00:13 -0600


Started GET "/assets/bootstrap.min.css?body=1" for 127.0.0.1 at 2014-11-27 11:00:13 -0600


Started GET "/assets/feelings.css?body=1" for 127.0.0.1 at 2014-11-27 11:00:13 -0600


Started GET "/assets/application.css?body=1" for 127.0.0.1 at 2014-11-27 11:00:13 -0600


Started GET "/assets/jquery_ujs.js?body=1" for 127.0.0.1 at 2014-11-27 11:00:13 -0600


Started GET "/assets/bootstrap.css?body=1" for 127.0.0.1 at 2014-11-27 11:00:13 -0600


Started GET "/assets/jquery.js?body=1" for 127.0.0.1 at 2014-11-27 11:00:13 -0600


Started GET "/assets/turbolinks.js?body=1" for 127.0.0.1 at 2014-11-27 11:00:13 -0600


Started GET "/assets/bootstrap/alert.js?body=1" for 127.0.0.1 at 2014-11-27 11:00:13 -0600


Started GET "/assets/bootstrap/affix.js?body=1" for 127.0.0.1 at 2014-11-27 11:00:13 -0600


Started GET "/assets/bootstrap/dropdown.js?body=1" for 127.0.0.1 at 2014-11-27 11:00:13 -0600


Started GET "/assets/bootstrap/collapse.js?body=1" for 127.0.0.1 at 2014-11-27 11:00:13 -0600


Started GET "/assets/bootstrap/button.js?body=1" for 127.0.0.1 at 2014-11-27 11:00:13 -0600


Started GET "/assets/bootstrap/tab.js?body=1" for 127.0.0.1 at 2014-11-27 11:00:13 -0600


Started GET "/assets/bootstrap-theme.css?body=1" for 127.0.0.1 at 2014-11-27 11:00:13 -0600


Started GET "/assets/bootstrap/carousel.js?body=1" for 127.0.0.1 at 2014-11-27 11:00:13 -0600


Started GET "/assets/bootstrap/modal.js?body=1" for 127.0.0.1 at 2014-11-27 11:00:13 -0600


Started GET "/assets/bootstrap/transition.js?body=1" for 127.0.0.1 at 2014-11-27 11:00:13 -0600


Started GET "/assets/bootstrap/scrollspy.js?body=1" for 127.0.0.1 at 2014-11-27 11:00:13 -0600


Started GET "/assets/bootstrap/tooltip.js?body=1" for 127.0.0.1 at 2014-11-27 11:00:13 -0600


Started GET "/assets/bootstrap/popover.js?body=1" for 127.0.0.1 at 2014-11-27 11:00:13 -0600


Started GET "/assets/feelings.js?body=1" for 127.0.0.1 at 2014-11-27 11:00:13 -0600


Started GET "/assets/bootstrap-sprockets.js?body=1" for 127.0.0.1 at 2014-11-27 11:00:13 -0600


Started GET "/assets/bootstrap.js?body=1" for 127.0.0.1 at 2014-11-27 11:00:13 -0600


Started GET "/assets/application.js?body=1" for 127.0.0.1 at 2014-11-27 11:00:13 -0600


Started GET "/assets/bootstrap.min.js?body=1" for 127.0.0.1 at 2014-11-27 11:00:13 -0600


Started GET "/" for 127.0.0.1 at 2014-11-27 11:00:52 -0600
Processing by FeelingsController#index as HTML
  Rendered feelings/index.html.erb within layouts/application (0.3ms)
Completed 200 OK in 169ms (Views: 167.9ms | ActiveRecord: 0.0ms)


Started GET "/assets/bootstrap-theme.min.css?body=1" for 127.0.0.1 at 2014-11-27 11:00:52 -0600


Started GET "/assets/bootstrap.min.css?body=1" for 127.0.0.1 at 2014-11-27 11:00:52 -0600


Started GET "/assets/bootstrap.css?body=1" for 127.0.0.1 at 2014-11-27 11:00:52 -0600


Started GET "/assets/bootstrap-theme.css?body=1" for 127.0.0.1 at 2014-11-27 11:00:52 -0600


Started GET "/assets/feelings.css?body=1" for 127.0.0.1 at 2014-11-27 11:00:52 -0600


Started GET "/assets/application.css?body=1" for 127.0.0.1 at 2014-11-27 11:00:52 -0600


Started GET "/assets/jquery.js?body=1" for 127.0.0.1 at 2014-11-27 11:00:52 -0600


Started GET "/assets/jquery_ujs.js?body=1" for 127.0.0.1 at 2014-11-27 11:00:52 -0600


Started GET "/assets/turbolinks.js?body=1" for 127.0.0.1 at 2014-11-27 11:00:52 -0600


Started GET "/assets/bootstrap/affix.js?body=1" for 127.0.0.1 at 2014-11-27 11:00:52 -0600


Started GET "/assets/bootstrap/alert.js?body=1" for 127.0.0.1 at 2014-11-27 11:00:52 -0600


Started GET "/assets/bootstrap/button.js?body=1" for 127.0.0.1 at 2014-11-27 11:00:52 -0600


Started GET "/assets/bootstrap/carousel.js?body=1" for 127.0.0.1 at 2014-11-27 11:00:52 -0600


Started GET "/assets/bootstrap/collapse.js?body=1" for 127.0.0.1 at 2014-11-27 11:00:52 -0600


Started GET "/assets/bootstrap/dropdown.js?body=1" for 127.0.0.1 at 2014-11-27 11:00:52 -0600


Started GET "/assets/bootstrap/tab.js?body=1" for 127.0.0.1 at 2014-11-27 11:00:52 -0600


Started GET "/assets/bootstrap/transition.js?body=1" for 127.0.0.1 at 2014-11-27 11:00:52 -0600


Started GET "/assets/bootstrap/scrollspy.js?body=1" for 127.0.0.1 at 2014-11-27 11:00:52 -0600


Started GET "/assets/bootstrap/modal.js?body=1" for 127.0.0.1 at 2014-11-27 11:00:52 -0600


Started GET "/assets/bootstrap/tooltip.js?body=1" for 127.0.0.1 at 2014-11-27 11:00:52 -0600


Started GET "/assets/bootstrap/popover.js?body=1" for 127.0.0.1 at 2014-11-27 11:00:52 -0600


Started GET "/assets/bootstrap-sprockets.js?body=1" for 127.0.0.1 at 2014-11-27 11:00:52 -0600


Started GET "/assets/bootstrap.js?body=1" for 127.0.0.1 at 2014-11-27 11:00:52 -0600


Started GET "/assets/bootstrap.min.js?body=1" for 127.0.0.1 at 2014-11-27 11:00:52 -0600


Started GET "/assets/feelings.js?body=1" for 127.0.0.1 at 2014-11-27 11:00:52 -0600


Started GET "/assets/application.js?body=1" for 127.0.0.1 at 2014-11-27 11:00:52 -0600


Started GET "/" for 127.0.0.1 at 2014-11-27 11:01:11 -0600
Processing by FeelingsController#index as HTML
  Rendered feelings/index.html.erb within layouts/application (0.5ms)
Completed 200 OK in 150ms (Views: 149.2ms | ActiveRecord: 0.0ms)


Started GET "/assets/feelings.css?body=1" for 127.0.0.1 at 2014-11-27 11:01:11 -0600


Started GET "/assets/bootstrap-theme.min.css?body=1" for 127.0.0.1 at 2014-11-27 11:01:11 -0600


Started GET "/assets/bootstrap.min.css?body=1" for 127.0.0.1 at 2014-11-27 11:01:11 -0600


Started GET "/assets/bootstrap.css?body=1" for 127.0.0.1 at 2014-11-27 11:01:11 -0600


Started GET "/assets/jquery.js?body=1" for 127.0.0.1 at 2014-11-27 11:01:11 -0600


Started GET "/assets/jquery_ujs.js?body=1" for 127.0.0.1 at 2014-11-27 11:01:11 -0600


Started GET "/assets/application.css?body=1" for 127.0.0.1 at 2014-11-27 11:01:11 -0600


Started GET "/assets/bootstrap-theme.css?body=1" for 127.0.0.1 at 2014-11-27 11:01:11 -0600


Started GET "/assets/bootstrap/button.js?body=1" for 127.0.0.1 at 2014-11-27 11:01:11 -0600


Started GET "/assets/turbolinks.js?body=1" for 127.0.0.1 at 2014-11-27 11:01:11 -0600


Started GET "/assets/bootstrap/carousel.js?body=1" for 127.0.0.1 at 2014-11-27 11:01:11 -0600


Started GET "/assets/bootstrap/affix.js?body=1" for 127.0.0.1 at 2014-11-27 11:01:11 -0600


Started GET "/assets/bootstrap/alert.js?body=1" for 127.0.0.1 at 2014-11-27 11:01:11 -0600


Started GET "/assets/bootstrap/transition.js?body=1" for 127.0.0.1 at 2014-11-27 11:01:11 -0600


Started GET "/assets/bootstrap/dropdown.js?body=1" for 127.0.0.1 at 2014-11-27 11:01:11 -0600


Started GET "/assets/bootstrap/tab.js?body=1" for 127.0.0.1 at 2014-11-27 11:01:11 -0600


Started GET "/assets/bootstrap/scrollspy.js?body=1" for 127.0.0.1 at 2014-11-27 11:01:11 -0600


Started GET "/assets/bootstrap/collapse.js?body=1" for 127.0.0.1 at 2014-11-27 11:01:11 -0600


Started GET "/assets/bootstrap/tooltip.js?body=1" for 127.0.0.1 at 2014-11-27 11:01:11 -0600


Started GET "/assets/bootstrap/modal.js?body=1" for 127.0.0.1 at 2014-11-27 11:01:11 -0600


Started GET "/assets/bootstrap/popover.js?body=1" for 127.0.0.1 at 2014-11-27 11:01:11 -0600


Started GET "/assets/bootstrap-sprockets.js?body=1" for 127.0.0.1 at 2014-11-27 11:01:11 -0600


Started GET "/assets/feelings.js?body=1" for 127.0.0.1 at 2014-11-27 11:01:11 -0600


Started GET "/assets/bootstrap.min.js?body=1" for 127.0.0.1 at 2014-11-27 11:01:11 -0600


Started GET "/assets/bootstrap.js?body=1" for 127.0.0.1 at 2014-11-27 11:01:11 -0600


Started GET "/assets/application.js?body=1" for 127.0.0.1 at 2014-11-27 11:01:11 -0600


Started GET "/" for 127.0.0.1 at 2014-11-27 11:02:55 -0600
Processing by FeelingsController#index as HTML
  Rendered feelings/index.html.erb within layouts/application (0.4ms)
Completed 200 OK in 139ms (Views: 138.4ms | ActiveRecord: 0.0ms)


Started GET "/assets/bootstrap-theme.min.css?body=1" for 127.0.0.1 at 2014-11-27 11:02:55 -0600


Started GET "/assets/bootstrap.min.css?body=1" for 127.0.0.1 at 2014-11-27 11:02:55 -0600


Started GET "/assets/application.css?body=1" for 127.0.0.1 at 2014-11-27 11:02:55 -0600


Started GET "/assets/bootstrap.css?body=1" for 127.0.0.1 at 2014-11-27 11:02:55 -0600


Started GET "/assets/feelings.css?body=1" for 127.0.0.1 at 2014-11-27 11:02:55 -0600


Started GET "/assets/bootstrap/affix.js?body=1" for 127.0.0.1 at 2014-11-27 11:02:55 -0600


Started GET "/assets/jquery.js?body=1" for 127.0.0.1 at 2014-11-27 11:02:55 -0600


Started GET "/assets/jquery_ujs.js?body=1" for 127.0.0.1 at 2014-11-27 11:02:55 -0600


Started GET "/assets/turbolinks.js?body=1" for 127.0.0.1 at 2014-11-27 11:02:55 -0600


Started GET "/assets/bootstrap-theme.css?body=1" for 127.0.0.1 at 2014-11-27 11:02:55 -0600


Started GET "/assets/bootstrap/button.js?body=1" for 127.0.0.1 at 2014-11-27 11:02:55 -0600


Started GET "/assets/bootstrap/alert.js?body=1" for 127.0.0.1 at 2014-11-27 11:02:55 -0600


Started GET "/assets/bootstrap/carousel.js?body=1" for 127.0.0.1 at 2014-11-27 11:02:55 -0600


Started GET "/assets/bootstrap/collapse.js?body=1" for 127.0.0.1 at 2014-11-27 11:02:55 -0600


Started GET "/assets/bootstrap/dropdown.js?body=1" for 127.0.0.1 at 2014-11-27 11:02:55 -0600


Started GET "/assets/bootstrap/transition.js?body=1" for 127.0.0.1 at 2014-11-27 11:02:55 -0600


Started GET "/assets/bootstrap/scrollspy.js?body=1" for 127.0.0.1 at 2014-11-27 11:02:55 -0600


Started GET "/assets/bootstrap/tab.js?body=1" for 127.0.0.1 at 2014-11-27 11:02:55 -0600


Started GET "/assets/bootstrap/modal.js?body=1" for 127.0.0.1 at 2014-11-27 11:02:55 -0600


Started GET "/assets/bootstrap/tooltip.js?body=1" for 127.0.0.1 at 2014-11-27 11:02:55 -0600


Started GET "/assets/bootstrap/popover.js?body=1" for 127.0.0.1 at 2014-11-27 11:02:55 -0600


Started GET "/assets/bootstrap-sprockets.js?body=1" for 127.0.0.1 at 2014-11-27 11:02:55 -0600


Started GET "/assets/bootstrap.js?body=1" for 127.0.0.1 at 2014-11-27 11:02:55 -0600


Started GET "/assets/bootstrap.min.js?body=1" for 127.0.0.1 at 2014-11-27 11:02:55 -0600


Started GET "/assets/feelings.js?body=1" for 127.0.0.1 at 2014-11-27 11:02:55 -0600


Started GET "/assets/application.js?body=1" for 127.0.0.1 at 2014-11-27 11:02:55 -0600
>>>>>>> index page ready for work
